Jan-25 18:11:31.865 [main] DEBUG nextflow.cli.Launcher - $> nextflow run counter.nf --pred test_data/sample_phobius.txt --fasta test_data/sample_fasta.fa
Jan-25 18:11:31.919 [main] INFO  nextflow.cli.CmdRun - N E X T F L O W  ~  version 21.10.6
Jan-25 18:11:31.934 [main] INFO  nextflow.cli.CmdRun - Launching `counter.nf` [clever_hodgkin] - revision: 256483455a
Jan-25 18:11:31.946 [main] DEBUG nextflow.config.ConfigBuilder - Found config local: /home/igor/Programming/CRG/helix_kmer_counter/nextflow.config
Jan-25 18:11:31.947 [main] DEBUG nextflow.config.ConfigBuilder - Parsing config file: /home/igor/Programming/CRG/helix_kmer_counter/nextflow.config
Jan-25 18:11:31.971 [main] DEBUG nextflow.config.ConfigBuilder - Applying config profile: `standard`
Jan-25 18:11:32.484 [main] DEBUG nextflow.plugin.PluginsFacade - Setting up plugin manager > mode=prod; plugins-dir=/home/igor/.nextflow/plugins
Jan-25 18:11:32.485 [main] DEBUG nextflow.plugin.PluginsFacade - Plugins default=[]
Jan-25 18:11:32.495 [main] INFO  org.pf4j.DefaultPluginStatusProvider - Enabled plugins: []
Jan-25 18:11:32.496 [main] INFO  org.pf4j.DefaultPluginStatusProvider - Disabled plugins: []
Jan-25 18:11:32.500 [main] INFO  org.pf4j.DefaultPluginManager - PF4J version 3.4.1 in 'deployment' mode
Jan-25 18:11:32.510 [main] INFO  org.pf4j.AbstractPluginManager - No plugins
Jan-25 18:11:32.558 [main] DEBUG nextflow.Session - Session uuid: e5922b77-c464-4421-b602-4de344b576f5
Jan-25 18:11:32.558 [main] DEBUG nextflow.Session - Run name: clever_hodgkin
Jan-25 18:11:32.559 [main] DEBUG nextflow.Session - Executor pool size: 8
Jan-25 18:11:32.584 [main] DEBUG nextflow.cli.CmdRun - 
  Version: 21.10.6 build 5660
  Created: 21-12-2021 16:55 UTC (17:55 CEST)
  System: Linux 5.13.0-25-generic
  Runtime: Groovy 3.0.9 on OpenJDK 64-Bit Server VM 11.0.13+8-Ubuntu-0ubuntu1.20.04
  Encoding: UTF-8 (UTF-8)
  Process: 7641@triggor-computer [127.0.1.1]
  CPUs: 8 - Mem: 31.1 GB (25.6 GB) - Swap: 2 GB (2 GB)
Jan-25 18:11:32.601 [main] DEBUG nextflow.Session - Work-dir: /home/igor/Programming/CRG/helix_kmer_counter/work [ext2/ext3]
Jan-25 18:11:32.601 [main] DEBUG nextflow.Session - Script base path does not exist or is not a directory: /home/igor/Programming/CRG/helix_kmer_counter/bin
Jan-25 18:11:32.607 [main] DEBUG nextflow.executor.ExecutorFactory - Extension executors providers=[]
Jan-25 18:11:32.615 [main] DEBUG nextflow.Session - Observer factory: DefaultObserverFactory
Jan-25 18:11:32.633 [main] DEBUG nextflow.util.CustomThreadPool - Creating default thread pool > poolSize: 9; maxThreads: 1000
Jan-25 18:11:32.684 [main] DEBUG nextflow.Session - Session start invoked
Jan-25 18:11:33.008 [main] DEBUG nextflow.script.ScriptRunner - > Launching execution
Jan-25 18:11:33.109 [main] DEBUG nextflow.executor.ExecutorFactory - << taskConfig executor: null
Jan-25 18:11:33.109 [main] DEBUG nextflow.executor.ExecutorFactory - >> processorType: 'local'
Jan-25 18:11:33.114 [main] DEBUG nextflow.executor.Executor - [warm up] executor > local
Jan-25 18:11:33.119 [main] DEBUG n.processor.LocalPollingMonitor - Creating local task monitor for executor 'local' > cpus=8; memory=31.1 GB; capacity=8; pollInterval=100ms; dumpInterval=5m
Jan-25 18:11:33.140 [main] DEBUG nextflow.util.CustomThreadPool - Creating default thread pool > poolSize: 9; maxThreads: 1000
Jan-25 18:11:33.193 [main] DEBUG nextflow.executor.ExecutorFactory - << taskConfig executor: null
Jan-25 18:11:33.194 [main] DEBUG nextflow.executor.ExecutorFactory - >> processorType: 'local'
Jan-25 18:11:33.197 [main] DEBUG nextflow.executor.ExecutorFactory - << taskConfig executor: null
Jan-25 18:11:33.197 [main] DEBUG nextflow.executor.ExecutorFactory - >> processorType: 'local'
Jan-25 18:11:33.202 [main] DEBUG nextflow.executor.ExecutorFactory - << taskConfig executor: null
Jan-25 18:11:33.202 [main] DEBUG nextflow.executor.ExecutorFactory - >> processorType: 'local'
Jan-25 18:11:33.204 [main] INFO  nextflow.script.BaseScript - [DataflowVariable(value=null)]
Jan-25 18:11:33.206 [main] DEBUG nextflow.Session - Workflow process names [dsl2]: countHelixKmers:sumKmers, countHelixKmers:findSequences, extractSequences, countHelixKmers:extractSequences, countKmers, countHelixKmers:countKmers, sumKmers, findSequences
Jan-25 18:11:33.206 [main] DEBUG nextflow.Session - Ignite dataflow network (4)
Jan-25 18:11:33.206 [main] DEBUG nextflow.processor.TaskProcessor - Starting process > countHelixKmers:findSequences
Jan-25 18:11:33.207 [main] DEBUG nextflow.processor.TaskProcessor - Starting process > countHelixKmers:extractSequences
Jan-25 18:11:33.207 [main] DEBUG nextflow.processor.TaskProcessor - Starting process > countHelixKmers:countKmers
Jan-25 18:11:33.208 [main] DEBUG nextflow.processor.TaskProcessor - Starting process > countHelixKmers:sumKmers
Jan-25 18:11:33.208 [main] DEBUG nextflow.script.ScriptRunner - > Await termination 
Jan-25 18:11:33.208 [main] DEBUG nextflow.Session - Session await
Jan-25 18:11:33.315 [Task submitter] DEBUG nextflow.executor.LocalTaskHandler - Launch cmd line: /bin/bash -ue .command.run
Jan-25 18:11:33.319 [Task submitter] INFO  nextflow.Session - [49/f2be7c] Submitted process > countHelixKmers:findSequences
Jan-25 18:11:33.353 [Task monitor] DEBUG n.processor.TaskPollingMonitor - Task completed > TaskHandler[id: 1; name: countHelixKmers:findSequences; status: COMPLETED; exit: 0; error: -; workDir: /home/igor/Programming/CRG/helix_kmer_counter/work/49/f2be7c279113b07c04ba6fb0e70944]
Jan-25 18:11:33.381 [Task submitter] DEBUG nextflow.executor.LocalTaskHandler - Launch cmd line: /bin/bash -ue .command.run
Jan-25 18:11:33.381 [Task submitter] INFO  nextflow.Session - [6c/2d81f4] Submitted process > countHelixKmers:extractSequences
Jan-25 18:11:33.455 [Task monitor] DEBUG n.processor.TaskPollingMonitor - Task completed > TaskHandler[id: 2; name: countHelixKmers:extractSequences; status: COMPLETED; exit: 0; error: -; workDir: /home/igor/Programming/CRG/helix_kmer_counter/work/6c/2d81f4ffe1bfc8c9a0bda101d78d19]
Jan-25 18:11:33.464 [Task submitter] DEBUG nextflow.executor.LocalTaskHandler - Launch cmd line: /bin/bash -ue .command.run
Jan-25 18:11:33.464 [Task submitter] INFO  nextflow.Session - [04/9b9196] Submitted process > countHelixKmers:countKmers
Jan-25 18:11:33.493 [Task monitor] DEBUG n.processor.TaskPollingMonitor - Task completed > TaskHandler[id: 3; name: countHelixKmers:countKmers; status: COMPLETED; exit: 0; error: -; workDir: /home/igor/Programming/CRG/helix_kmer_counter/work/04/9b91961020591ce20c600a33030a4d]
Jan-25 18:11:33.500 [Task submitter] DEBUG nextflow.executor.LocalTaskHandler - Launch cmd line: /bin/bash -ue .command.run
Jan-25 18:11:33.500 [Task submitter] INFO  nextflow.Session - [a5/df19d4] Submitted process > countHelixKmers:sumKmers
Jan-25 18:11:33.529 [Task monitor] DEBUG n.processor.TaskPollingMonitor - Task completed > TaskHandler[id: 4; name: countHelixKmers:sumKmers; status: COMPLETED; exit: 0; error: -; workDir: /home/igor/Programming/CRG/helix_kmer_counter/work/a5/df19d495cbba1b282297be42fe3d91]
Jan-25 18:11:33.530 [main] DEBUG nextflow.Session - Session await > all process finished
Jan-25 18:11:33.531 [main] DEBUG nextflow.Session - Session await > all barriers passed
Jan-25 18:11:33.536 [main] DEBUG nextflow.trace.WorkflowStatsObserver - Workflow completed > WorkflowStats[succeededCount=4; failedCount=0; ignoredCount=0; cachedCount=0; pendingCount=0; submittedCount=0; runningCount=0; retriesCount=0; abortedCount=0; succeedDuration=28ms; failedDuration=0ms; cachedDuration=0ms;loadCpus=0; loadMemory=0; peakRunning=1; peakCpus=1; peakMemory=0; ]
Jan-25 18:11:33.718 [main] DEBUG nextflow.CacheDB - Closing CacheDB done
Jan-25 18:11:33.738 [main] DEBUG nextflow.script.ScriptRunner - > Execution complete -- Goodbye
